<?xml version="1.0" encoding="UTF-8"?>
<project version="4">
  <component name="JUnitGeneratorProjectSettings">
    <option name="outputFilePattern" value="${SOURCEPATH}/../../test/java/test.${PACKAGE}/${FILENAME}" />
  </component>
</project>